[20-Nov-2024 21:22:51 Europe/Berlin] PHP Warning:  move_uploaded_file(../../uploads/Gonzales_Vulnerability_and_Penetration_Testing.docx): Failed to open stream: No such file or directory in C:\xampp\php\Kaluppa\Backend\user controller\submit_application.php on line 94
[20-Nov-2024 21:22:51 Europe/Berlin] PHP Warning:  move_uploaded_file(): Unable to move &quot;C:\xampp\tmp\php650E.tmp&quot; to &quot;../../uploads/Gonzales_Vulnerability_and_Penetration_Testing.docx&quot; in C:\xampp\php\Kaluppa\Backend\user controller\submit_application.php on line 94
[20-Nov-2024 21:22:51 Europe/Berlin] Error uploading document: Gonzales_Vulnerability_and_Penetration_Testing.docx
[20-Nov-2024 21:22:52 Europe/Berlin] PHP Warning:  move_uploaded_file(../../uploads/Gonzales_Vulnerability_and_Penetration_Testing.docx): Failed to open stream: No such file or directory in C:\xampp\php\Kaluppa\Backend\user controller\submit_application.php on line 94
[20-Nov-2024 21:22:52 Europe/Berlin] PHP Warning:  move_uploaded_file(): Unable to move &quot;C:\xampp\tmp\php6BF5.tmp&quot; to &quot;../../uploads/Gonzales_Vulnerability_and_Penetration_Testing.docx&quot; in C:\xampp\php\Kaluppa\Backend\user controller\submit_application.php on line 94
[20-Nov-2024 21:22:52 Europe/Berlin] Error uploading document: Gonzales_Vulnerability_and_Penetration_Testing.docx
[20-Nov-2024 21:26:23 Europe/Berlin] User with ID 24 already applied for course ID 35
[23-Nov-2024 15:17:32 Europe/Berlin] User with ID 24 already applied for course ID 35
[23-Nov-2024 15:19:17 Europe/Berlin] User with ID 24 already applied for course ID 35
[23-Nov-2024 15:29:19 Europe/Berlin] Executing query: INSERT INTO applications (user_id, course_id, full_name, email, dob, address, document) VALUES (?, ?, ?, ?, ?, ?, ?) with values: 24, 35, WILLIAM DUNCAN  GONZALES, botchok.gonzales@gmail.com, 2024-11-14, 350 - A Chico St Cembo, C:/xampp/php/Kaluppa/Backend/Documents/Gonzales_Vulnerability_and_Penetration_Testing.docx
[23-Nov-2024 15:30:35 Europe/Berlin] Executing query: INSERT INTO applications (user_id, course_id, full_name, email, dob, address, document) VALUES (?, ?, ?, ?, ?, ?, ?) with values: 24, 35, WILLIAM DUNCAN  GONZALES, botchok.gonzales@gmail.com, 2024-11-07, 350 - A Chico St Cembo, C:/xampp/php/Kaluppa/Backend/Documents/Gonzales_Vulnerability_and_Penetration_Testing.docx
[23-Nov-2024 15:34:18 Europe/Berlin] Executing query: INSERT INTO applications (user_id, course_id, full_name, email, dob, address, document) VALUES (?, ?, ?, ?, ?, ?, ?) with values: 24, 35, WILLIAM DUNCAN  GONZALES, botchok.gonzales@gmail.com, 2024-10-25, 350 - A Chico St Cembo, C:/xampp/php/Kaluppa/Backend/Documents/Gonzales_Vulnerability_and_Penetration_Testing.docx
[23-Nov-2024 15:36:55 Europe/Berlin] Executing query: INSERT INTO applications (user_id, course_id, full_name, email, dob, address, document) VALUES (?, ?, ?, ?, ?, ?, ?) with values: 24, 35, WILLIAM DUNCAN  GONZALES, botchok.gonzales@gmail.com, 2024-11-14, 350 - A Chico St Cembo, C:/xampp/php/Kaluppa/Backend/Documents/Gonzales_Vulnerability_and_Penetration_Testing.docx
[23-Nov-2024 15:38:55 Europe/Berlin] Executing query: INSERT INTO applications (user_id, course_id, full_name, email, dob, address, document) VALUES (?, ?, ?, ?, ?, ?, ?) with values: 24, 35, WILLIAM DUNCAN  GONZALES, botchok.gonzales@gmail.com, 2024-11-19, 350 - A Chico St Cembo, C:/xampp/php/Kaluppa/Backend/Documents/Gonzales_Vulnerability_and_Penetration_Testing.docx
[23-Nov-2024 15:41:24 Europe/Berlin] Executing query: INSERT INTO applications (user_id, course_id, full_name, email, dob, address, document) VALUES (?, ?, ?, ?, ?, ?, ?) with values: 24, 35, WILLIAM DUNCAN  GONZALES, botchok.gonzales@gmail.com, 2024-11-13, 350 - A Chico St Cembo, C:/xampp/php/Kaluppa/Backend/Documents/Gonzales_Vulnerability_and_Penetration_Testing.docx
[23-Nov-2024 16:16:37 Europe/Berlin] Executing query: INSERT INTO applications (user_id, course_id, full_name, email, dob, address, document) VALUES (?, ?, ?, ?, ?, ?, ?) with values: 24, 35, WILLIAM DUNCAN  GONZALES, botchok.gonzales@gmail.com, 2024-11-21, 350 - A Chico St Cembo, C:/xampp/php/Kaluppa/Backend/Documents/Gonzales_Vulnerability_and_Penetration_Testing.docx
[23-Nov-2024 16:20:42 Europe/Berlin] Executing query: INSERT INTO applications (user_id, course_id, full_name, email, dob, address, document) VALUES (?, ?, ?, ?, ?, ?, ?) with values: 24, 35, WILLIAM DUNCAN  GONZALES, botchok.gonzales@gmail.com, 2024-11-19, 350 - A Chico St Cembo, C:/xampp/php/Kaluppa/Backend/Documents/Gonzales_Vulnerability_and_Penetration_Testing.docx
[23-Nov-2024 16:24:05 Europe/Berlin] Executing query: INSERT INTO applications (user_id, course_id, full_name, email, dob, address, document) VALUES (?, ?, ?, ?, ?, ?, ?) with values: 24, 35, WILLIAM DUNCAN  GONZALES, botchok.gonzales@gmail.com, 2024-11-22, 350 - A Chico St Cembo, C:/xampp/php/Kaluppa/Backend/Documents/Gonzales_Vulnerability_and_Penetration_Testing.docx
[23-Nov-2024 16:27:21 Europe/Berlin] Executing query: INSERT INTO applications (user_id, course_id, full_name, email, dob, address, document) VALUES (?, ?, ?, ?, ?, ?, ?) with values: 24, 35, WILLIAM DUNCAN  GONZALES, botchok.gonzales@gmail.com, 2024-11-21, 350 - A Chico St Cembo, C:/xampp/php/Kaluppa/Backend/Documents/Gonzales_Vulnerability_and_Penetration_Testing.docx
[23-Nov-2024 18:16:03 Europe/Berlin] Executing query: INSERT INTO applications (user_id, course_id, full_name, email, dob, address, document) VALUES (?, ?, ?, ?, ?, ?, ?) with values: 24, 35, WILLIAM DUNCAN  GONZALES, botchok.gonzales@gmail.com, 2024-11-22, 350 - A Chico St Cembo, C:/xampp/htdocs/Kaluppa/Documents/Scholarship/Gonzales_Vulnerability_and_Penetration_Testing.docx
[25-Nov-2024 09:33:58 Europe/Berlin] PHP Warning:  move_uploaded_file(../../Documents/Scholarship/1732523638_Gonzales_Vulnerability_and_Penetration_Testing.docx): Failed to open stream: No such file or directory in C:\xampp\php\Kaluppa\Backend\user controller\submit_application.php on line 105
[25-Nov-2024 09:33:58 Europe/Berlin] PHP Warning:  move_uploaded_file(): Unable to move &quot;C:\xampp\tmp\php93C4.tmp&quot; to &quot;../../Documents/Scholarship/1732523638_Gonzales_Vulnerability_and_Penetration_Testing.docx&quot; in C:\xampp\php\Kaluppa\Backend\user controller\submit_application.php on line 105
[25-Nov-2024 09:33:58 Europe/Berlin] Error uploading document: 1732523638_Gonzales_Vulnerability_and_Penetration_Testing.docx
[25-Nov-2024 09:33:59 Europe/Berlin] PHP Warning:  move_uploaded_file(../../Documents/Scholarship/1732523639_Gonzales_Vulnerability_and_Penetration_Testing.docx): Failed to open stream: No such file or directory in C:\xampp\php\Kaluppa\Backend\user controller\submit_application.php on line 105
[25-Nov-2024 09:33:59 Europe/Berlin] PHP Warning:  move_uploaded_file(): Unable to move &quot;C:\xampp\tmp\php98F5.tmp&quot; to &quot;../../Documents/Scholarship/1732523639_Gonzales_Vulnerability_and_Penetration_Testing.docx&quot; in C:\xampp\php\Kaluppa\Backend\user controller\submit_application.php on line 105
[25-Nov-2024 09:33:59 Europe/Berlin] Error uploading document: 1732523639_Gonzales_Vulnerability_and_Penetration_Testing.docx
[25-Nov-2024 09:34:00 Europe/Berlin] PHP Warning:  move_uploaded_file(../../Documents/Scholarship/1732523640_Gonzales_Vulnerability_and_Penetration_Testing.docx): Failed to open stream: No such file or directory in C:\xampp\php\Kaluppa\Backend\user controller\submit_application.php on line 105
[25-Nov-2024 09:34:00 Europe/Berlin] PHP Warning:  move_uploaded_file(): Unable to move &quot;C:\xampp\tmp\php9ACB.tmp&quot; to &quot;../../Documents/Scholarship/1732523640_Gonzales_Vulnerability_and_Penetration_Testing.docx&quot; in C:\xampp\php\Kaluppa\Backend\user controller\submit_application.php on line 105
[25-Nov-2024 09:34:00 Europe/Berlin] Error uploading document: 1732523640_Gonzales_Vulnerability_and_Penetration_Testing.docx
[25-Nov-2024 09:34:00 Europe/Berlin] PHP Warning:  move_uploaded_file(../../Documents/Scholarship/1732523640_Gonzales_Vulnerability_and_Penetration_Testing.docx): Failed to open stream: No such file or directory in C:\xampp\php\Kaluppa\Backend\user controller\submit_application.php on line 105
[25-Nov-2024 09:34:00 Europe/Berlin] PHP Warning:  move_uploaded_file(): Unable to move &quot;C:\xampp\tmp\php9B87.tmp&quot; to &quot;../../Documents/Scholarship/1732523640_Gonzales_Vulnerability_and_Penetration_Testing.docx&quot; in C:\xampp\php\Kaluppa\Backend\user controller\submit_application.php on line 105
[25-Nov-2024 09:34:00 Europe/Berlin] Error uploading document: 1732523640_Gonzales_Vulnerability_and_Penetration_Testing.docx
[25-Nov-2024 09:34:00 Europe/Berlin] PHP Warning:  move_uploaded_file(../../Documents/Scholarship/1732523640_Gonzales_Vulnerability_and_Penetration_Testing.docx): Failed to open stream: No such file or directory in C:\xampp\php\Kaluppa\Backend\user controller\submit_application.php on line 105
[25-Nov-2024 09:34:00 Europe/Berlin] PHP Warning:  move_uploaded_file(): Unable to move &quot;C:\xampp\tmp\php9C25.tmp&quot; to &quot;../../Documents/Scholarship/1732523640_Gonzales_Vulnerability_and_Penetration_Testing.docx&quot; in C:\xampp\php\Kaluppa\Backend\user controller\submit_application.php on line 105
[25-Nov-2024 09:34:00 Europe/Berlin] Error uploading document: 1732523640_Gonzales_Vulnerability_and_Penetration_Testing.docx
[25-Nov-2024 09:34:00 Europe/Berlin] PHP Warning:  move_uploaded_file(../../Documents/Scholarship/1732523640_Gonzales_Vulnerability_and_Penetration_Testing.docx): Failed to open stream: No such file or directory in C:\xampp\php\Kaluppa\Backend\user controller\submit_application.php on line 105
[25-Nov-2024 09:34:00 Europe/Berlin] PHP Warning:  move_uploaded_file(): Unable to move &quot;C:\xampp\tmp\php9CA3.tmp&quot; to &quot;../../Documents/Scholarship/1732523640_Gonzales_Vulnerability_and_Penetration_Testing.docx&quot; in C:\xampp\php\Kaluppa\Backend\user controller\submit_application.php on line 105
[25-Nov-2024 09:34:00 Europe/Berlin] Error uploading document: 1732523640_Gonzales_Vulnerability_and_Penetration_Testing.docx
[25-Nov-2024 09:34:02 Europe/Berlin] PHP Warning:  move_uploaded_file(../../Documents/Scholarship/1732523642_Gonzales_Vulnerability_and_Penetration_Testing.docx): Failed to open stream: No such file or directory in C:\xampp\php\Kaluppa\Backend\user controller\submit_application.php on line 105
[25-Nov-2024 09:34:02 Europe/Berlin] PHP Warning:  move_uploaded_file(): Unable to move &quot;C:\xampp\tmp\phpA1C4.tmp&quot; to &quot;../../Documents/Scholarship/1732523642_Gonzales_Vulnerability_and_Penetration_Testing.docx&quot; in C:\xampp\php\Kaluppa\Backend\user controller\submit_application.php on line 105
[25-Nov-2024 09:34:02 Europe/Berlin] Error uploading document: 1732523642_Gonzales_Vulnerability_and_Penetration_Testing.docx
[25-Nov-2024 09:34:02 Europe/Berlin] PHP Warning:  move_uploaded_file(../../Documents/Scholarship/1732523642_Gonzales_Vulnerability_and_Penetration_Testing.docx): Failed to open stream: No such file or directory in C:\xampp\php\Kaluppa\Backend\user controller\submit_application.php on line 105
[25-Nov-2024 09:34:02 Europe/Berlin] PHP Warning:  move_uploaded_file(): Unable to move &quot;C:\xampp\tmp\phpA261.tmp&quot; to &quot;../../Documents/Scholarship/1732523642_Gonzales_Vulnerability_and_Penetration_Testing.docx&quot; in C:\xampp\php\Kaluppa\Backend\user controller\submit_application.php on line 105
[25-Nov-2024 09:34:02 Europe/Berlin] Error uploading document: 1732523642_Gonzales_Vulnerability_and_Penetration_Testing.docx
[25-Nov-2024 09:34:02 Europe/Berlin] PHP Warning:  move_uploaded_file(../../Documents/Scholarship/1732523642_Gonzales_Vulnerability_and_Penetration_Testing.docx): Failed to open stream: No such file or directory in C:\xampp\php\Kaluppa\Backend\user controller\submit_application.php on line 105
[25-Nov-2024 09:34:02 Europe/Berlin] PHP Warning:  move_uploaded_file(): Unable to move &quot;C:\xampp\tmp\phpA30E.tmp&quot; to &quot;../../Documents/Scholarship/1732523642_Gonzales_Vulnerability_and_Penetration_Testing.docx&quot; in C:\xampp\php\Kaluppa\Backend\user controller\submit_application.php on line 105
[25-Nov-2024 09:34:02 Europe/Berlin] Error uploading document: 1732523642_Gonzales_Vulnerability_and_Penetration_Testing.docx
[25-Nov-2024 09:34:02 Europe/Berlin] PHP Warning:  move_uploaded_file(../../Documents/Scholarship/1732523642_Gonzales_Vulnerability_and_Penetration_Testing.docx): Failed to open stream: No such file or directory in C:\xampp\php\Kaluppa\Backend\user controller\submit_application.php on line 105
[25-Nov-2024 09:34:02 Europe/Berlin] PHP Warning:  move_uploaded_file(): Unable to move &quot;C:\xampp\tmp\phpA3BB.tmp&quot; to &quot;../../Documents/Scholarship/1732523642_Gonzales_Vulnerability_and_Penetration_Testing.docx&quot; in C:\xampp\php\Kaluppa\Backend\user controller\submit_application.php on line 105
[25-Nov-2024 09:34:02 Europe/Berlin] Error uploading document: 1732523642_Gonzales_Vulnerability_and_Penetration_Testing.docx
[25-Nov-2024 09:34:03 Europe/Berlin] PHP Warning:  move_uploaded_file(../../Documents/Scholarship/1732523643_Gonzales_Vulnerability_and_Penetration_Testing.docx): Failed to open stream: No such file or directory in C:\xampp\php\Kaluppa\Backend\user controller\submit_application.php on line 105
[25-Nov-2024 09:34:03 Europe/Berlin] PHP Warning:  move_uploaded_file(): Unable to move &quot;C:\xampp\tmp\phpA562.tmp&quot; to &quot;../../Documents/Scholarship/1732523643_Gonzales_Vulnerability_and_Penetration_Testing.docx&quot; in C:\xampp\php\Kaluppa\Backend\user controller\submit_application.php on line 105
[25-Nov-2024 09:34:03 Europe/Berlin] Error uploading document: 1732523643_Gonzales_Vulnerability_and_Penetration_Testing.docx
[25-Nov-2024 09:34:03 Europe/Berlin] PHP Warning:  move_uploaded_file(../../Documents/Scholarship/1732523643_Gonzales_Vulnerability_and_Penetration_Testing.docx): Failed to open stream: No such file or directory in C:\xampp\php\Kaluppa\Backend\user controller\submit_application.php on line 105
[25-Nov-2024 09:34:03 Europe/Berlin] PHP Warning:  move_uploaded_file(): Unable to move &quot;C:\xampp\tmp\phpA62E.tmp&quot; to &quot;../../Documents/Scholarship/1732523643_Gonzales_Vulnerability_and_Penetration_Testing.docx&quot; in C:\xampp\php\Kaluppa\Backend\user controller\submit_application.php on line 105
[25-Nov-2024 09:34:03 Europe/Berlin] Error uploading document: 1732523643_Gonzales_Vulnerability_and_Penetration_Testing.docx
[25-Nov-2024 09:34:03 Europe/Berlin] PHP Warning:  move_uploaded_file(../../Documents/Scholarship/1732523643_Gonzales_Vulnerability_and_Penetration_Testing.docx): Failed to open stream: No such file or directory in C:\xampp\php\Kaluppa\Backend\user controller\submit_application.php on line 105
[25-Nov-2024 09:34:03 Europe/Berlin] PHP Warning:  move_uploaded_file(): Unable to move &quot;C:\xampp\tmp\phpA6EB.tmp&quot; to &quot;../../Documents/Scholarship/1732523643_Gonzales_Vulnerability_and_Penetration_Testing.docx&quot; in C:\xampp\php\Kaluppa\Backend\user controller\submit_application.php on line 105
[25-Nov-2024 09:34:03 Europe/Berlin] Error uploading document: 1732523643_Gonzales_Vulnerability_and_Penetration_Testing.docx
[25-Nov-2024 09:34:03 Europe/Berlin] PHP Warning:  move_uploaded_file(../../Documents/Scholarship/1732523643_Gonzales_Vulnerability_and_Penetration_Testing.docx): Failed to open stream: No such file or directory in C:\xampp\php\Kaluppa\Backend\user controller\submit_application.php on line 105
[25-Nov-2024 09:34:03 Europe/Berlin] PHP Warning:  move_uploaded_file(): Unable to move &quot;C:\xampp\tmp\phpA7A7.tmp&quot; to &quot;../../Documents/Scholarship/1732523643_Gonzales_Vulnerability_and_Penetration_Testing.docx&quot; in C:\xampp\php\Kaluppa\Backend\user controller\submit_application.php on line 105
[25-Nov-2024 09:34:03 Europe/Berlin] Error uploading document: 1732523643_Gonzales_Vulnerability_and_Penetration_Testing.docx
[25-Nov-2024 09:34:03 Europe/Berlin] PHP Warning:  move_uploaded_file(../../Documents/Scholarship/1732523643_Gonzales_Vulnerability_and_Penetration_Testing.docx): Failed to open stream: No such file or directory in C:\xampp\php\Kaluppa\Backend\user controller\submit_application.php on line 105
[25-Nov-2024 09:34:03 Europe/Berlin] PHP Warning:  move_uploaded_file(): Unable to move &quot;C:\xampp\tmp\phpA844.tmp&quot; to &quot;../../Documents/Scholarship/1732523643_Gonzales_Vulnerability_and_Penetration_Testing.docx&quot; in C:\xampp\php\Kaluppa\Backend\user controller\submit_application.php on line 105
[25-Nov-2024 09:34:03 Europe/Berlin] Error uploading document: 1732523643_Gonzales_Vulnerability_and_Penetration_Testing.docx
[25-Nov-2024 09:34:03 Europe/Berlin] PHP Warning:  move_uploaded_file(../../Documents/Scholarship/1732523643_Gonzales_Vulnerability_and_Penetration_Testing.docx): Failed to open stream: No such file or directory in C:\xampp\php\Kaluppa\Backend\user controller\submit_application.php on line 105
[25-Nov-2024 09:34:03 Europe/Berlin] PHP Warning:  move_uploaded_file(): Unable to move &quot;C:\xampp\tmp\phpA8C2.tmp&quot; to &quot;../../Documents/Scholarship/1732523643_Gonzales_Vulnerability_and_Penetration_Testing.docx&quot; in C:\xampp\php\Kaluppa\Backend\user controller\submit_application.php on line 105
[25-Nov-2024 09:34:03 Europe/Berlin] Error uploading document: 1732523643_Gonzales_Vulnerability_and_Penetration_Testing.docx
[25-Nov-2024 09:38:49 Europe/Berlin] Base directory not found: ../../Documents/Scholarship/
[25-Nov-2024 09:40:39 Europe/Berlin] Executing query: INSERT INTO applications (user_id, course_id, full_name, email, dob, address, document) VALUES (?, ?, ?, ?, ?, ?, ?) with values: 24, 35, WILLIAM DUNCAN  GONZALES, botchok.gonzales@gmail.com, 2024-11-07, 350 - A Chico St Cembo, \Backend\Documents\Scholarship\1732524039_Gonzales_Vulnerability_and_Penetration_Testing.pdf
[25-Nov-2024 13:06:59 Europe/Berlin] Executing query: INSERT INTO applications (user_id, course_id, full_name, email, dob, address, document) VALUES (?, ?, ?, ?, ?, ?, ?) with values: 24, 35, WILLIAM DUNCAN  GONZALES, botchok.gonzales@gmail.com, 2024-11-07, 350 - A Chico St Cembo, /Backend/Documents/Scholarship/1732536419_Gonzales_Vulnerability_and_Penetration_Testing.pdf
[25-Nov-2024 15:21:55 Europe/Berlin] Executing query: INSERT INTO applications (user_id, course_id, full_name, email, dob, address, document) VALUES (?, ?, ?, ?, ?, ?, ?) with values: 24, 35, WILLIAM DUNCAN  GONZALES, botchok.gonzales@gmail.com, 2024-11-20, 350 - A Chico St Cembo, /Backend/Documents/Scholarship/1732544515_Gonzales_Vulnerability_and_Penetration_Testing.pdf
[01-Dec-2024 11:53:34 Europe/Berlin] Missing required fields in form data.
[01-Dec-2024 11:53:44 Europe/Berlin] Missing required fields in form data.
[01-Dec-2024 11:53:48 Europe/Berlin] Missing required fields in form data.
[01-Dec-2024 11:54:06 Europe/Berlin] Missing required fields in form data.
[01-Dec-2024 11:55:02 Europe/Berlin] Missing required fields in form data.
[01-Dec-2024 12:00:22 Europe/Berlin] Executing query: INSERT INTO applications (user_id, course_id, full_name, email, dob, address, document) VALUES (?, ?, ?, ?, ?, ?, ?) with values: 34, 35, WILLIAM DUNCAN  GONZALES, botchok.gonzales@gmail.com, 2024-12-25, 350 - A Chico St Cembo, /Backend/Documents/Scholarship/1733050822_imm1295PRINCE.pdf
[01-Dec-2024 12:26:09 Europe/Berlin] Executing query: INSERT INTO applications (user_id, course_id, full_name, email, dob, address, document) VALUES (?, ?, ?, ?, ?, ?, ?) with values: 34, 35, WILLIAM DUNCAN  GONZALES, botchok.gonzales@gmail.com, 2024-12-12, 350 - A Chico St Cembo, /Backend/Documents/Scholarship/1733052369_Business-model-canvas-TEMPLATE.ppt
[01-Dec-2024 13:11:46 Europe/Berlin] Executing query: INSERT INTO applications (user_id, course_id, full_name, email, dob, address, document) VALUES (?, ?, ?, ?, ?, ?, ?) with values: 34, 35, WILLIAM DUNCAN  GONZALES, botchok.gonzales@gmail.com, 2024-12-25, 350 - A Chico St Cembo, /Backend/Documents/Scholarship/1733055106_Business-model-canvas-TEMPLATE.ppt
[01-Dec-2024 13:12:31 Europe/Berlin] Executing query: INSERT INTO applications (user_id, course_id, full_name, email, dob, address, document) VALUES (?, ?, ?, ?, ?, ?, ?) with values: 34, 35, WILLIAM DUNCAN  GONZALES, botchok.gonzales@gmail.com, 2024-12-23, 350 - A Chico St Cembo, /Backend/Documents/Scholarship/1733055151_Business-model-canvas-TEMPLATE.ppt
[01-Dec-2024 13:15:32 Europe/Berlin] Executing query: INSERT INTO applications (user_id, course_id, full_name, email, dob, address, document) VALUES (?, ?, ?, ?, ?, ?, ?) with values: 34, 35, WILLIAM DUNCAN  GONZALES, botchok.gonzales@gmail.com, 2024-12-10, 350 - A Chico St Cembo, /Backend/Documents/Scholarship/1733055332_Business-model-canvas-TEMPLATE.ppt
[01-Dec-2024 13:17:37 Europe/Berlin] Executing query: INSERT INTO applications (user_id, course_id, full_name, email, dob, address, document) VALUES (?, ?, ?, ?, ?, ?, ?) with values: 34, 35, WILLIAM DUNCAN  GONZALES, botchok.gonzales@gmail.com, 2024-12-18, 350 - A Chico St Cembo, /Backend/Documents/Scholarship/1733055457_Business-model-canvas-TEMPLATE.ppt
[01-Dec-2024 13:19:19 Europe/Berlin] User with ID 34 already applied for course ID 35
[01-Dec-2024 13:19:36 Europe/Berlin] Executing query: INSERT INTO applications (user_id, course_id, full_name, email, dob, address, document) VALUES (?, ?, ?, ?, ?, ?, ?) with values: 34, 35, WILLIAM DUNCAN  GONZALES, botchok.gonzales@gmail.com, 2024-12-24, 350 - A Chico St Cembo, /Backend/Documents/Scholarship/1733055576_Business-model-canvas-TEMPLATE.ppt
[01-Dec-2024 14:53:13 Europe/Berlin] Executing query: INSERT INTO applications (user_id, course_id, full_name, email, dob, address, document) VALUES (?, ?, ?, ?, ?, ?, ?) with values: 34, 36, WILLIAM DUNCAN  GONZALES, botchok.gonzales@gmail.com, 2024-12-19, 350 - A Chico St Cembo, /Backend/Documents/Scholarship/1733061193_tan.jpg
[02-Dec-2024 02:57:46 Europe/Berlin] Executing query: INSERT INTO applications (user_id, course_id, full_name, email, dob, address, document) VALUES (?, ?, ?, ?, ?, ?, ?) with values: 34, 36, WILLIAM DUNCAN  GONZALES, botchok.gonzales@gmail.com, 2024-12-28, 350 - A Chico St Cembo, /Backend/Documents/Scholarship/1733104666_imm1295e.pdf
[08-Dec-2024 13:08:37 Europe/Berlin] PHP Warning:  Undefined variable $fullName in C:\xampp\php\Kaluppa\Frontend\user dashboard\user_work.php on line 195
[08-Dec-2024 13:08:37 Europe/Berlin] PHP Deprecated:  htmlspecialchars(): Passing null to parameter #1 ($string) of type string is deprecated in C:\xampp\php\Kaluppa\Frontend\user dashboard\user_work.php on line 195
[08-Dec-2024 13:08:37 Europe/Berlin] PHP Warning:  Undefined variable $fullName in C:\xampp\php\Kaluppa\Frontend\user dashboard\user_work.php on line 195
[08-Dec-2024 13:08:37 Europe/Berlin] PHP Deprecated:  htmlspecialchars(): Passing null to parameter #1 ($string) of type string is deprecated in C:\xampp\php\Kaluppa\Frontend\user dashboard\user_work.php on line 195
[08-Dec-2024 13:08:47 Europe/Berlin] PHP Warning:  Undefined variable $fullName in C:\xampp\php\Kaluppa\Frontend\user dashboard\user_work.php on line 195
[08-Dec-2024 13:08:47 Europe/Berlin] PHP Deprecated:  htmlspecialchars(): Passing null to parameter #1 ($string) of type string is deprecated in C:\xampp\php\Kaluppa\Frontend\user dashboard\user_work.php on line 195
[08-Dec-2024 13:08:47 Europe/Berlin] PHP Warning:  Undefined variable $fullName in C:\xampp\php\Kaluppa\Frontend\user dashboard\user_work.php on line 195
[08-Dec-2024 13:08:47 Europe/Berlin] PHP Deprecated:  htmlspecialchars(): Passing null to parameter #1 ($string) of type string is deprecated in C:\xampp\php\Kaluppa\Frontend\user dashboard\user_work.php on line 195
[08-Dec-2024 13:51:25 Europe/Berlin] PHP Warning:  Undefined array key "date" in C:\xampp\php\Kaluppa\Frontend\user dashboard\user_work.php on line 184
[08-Dec-2024 13:51:25 Europe/Berlin] PHP Deprecated:  htmlspecialchars(): Passing null to parameter #1 ($string) of type string is deprecated in C:\xampp\php\Kaluppa\Frontend\user dashboard\user_work.php on line 184
[08-Dec-2024 13:51:25 Europe/Berlin] PHP Warning:  Undefined array key "date" in C:\xampp\php\Kaluppa\Frontend\user dashboard\user_work.php on line 184
[08-Dec-2024 13:51:25 Europe/Berlin] PHP Deprecated:  htmlspecialchars(): Passing null to parameter #1 ($string) of type string is deprecated in C:\xampp\php\Kaluppa\Frontend\user dashboard\user_work.php on line 184
[08-Dec-2024 13:51:34 Europe/Berlin] PHP Warning:  Undefined array key "date" in C:\xampp\php\Kaluppa\Frontend\user dashboard\user_work.php on line 184
[08-Dec-2024 13:51:34 Europe/Berlin] PHP Deprecated:  htmlspecialchars(): Passing null to parameter #1 ($string) of type string is deprecated in C:\xampp\php\Kaluppa\Frontend\user dashboard\user_work.php on line 184
[08-Dec-2024 13:51:34 Europe/Berlin] PHP Warning:  Undefined array key "date" in C:\xampp\php\Kaluppa\Frontend\user dashboard\user_work.php on line 184
[08-Dec-2024 13:51:34 Europe/Berlin] PHP Deprecated:  htmlspecialchars(): Passing null to parameter #1 ($string) of type string is deprecated in C:\xampp\php\Kaluppa\Frontend\user dashboard\user_work.php on line 184
[08-Dec-2024 13:59:03 Europe/Berlin] Missing required fields in form data.
[08-Dec-2024 14:43:19 Europe/Berlin] Executing query: INSERT INTO applications (user_id, course_id, full_name, email, dob, address, document) VALUES (?, ?, ?, ?, ?, ?, ?) with values: 34, 36, WILLIAM DUNCAN  GONZALES, botchok.gonzales@gmail.com, 2024-12-25, 350 - A Chico St Cembo, /Backend/Documents/Scholarship/1733665399_imm1295PRINCE.pdf
[08-Dec-2024 14:56:00 Europe/Berlin] PHP Warning:  move_uploaded_file(/../Documents/Volunteer/imm1295e.pdf): Failed to open stream: No such file or directory in C:\xampp\php\Kaluppa\Backend\user controller\submit_applications.php on line 52
[08-Dec-2024 14:56:00 Europe/Berlin] PHP Warning:  move_uploaded_file(): Unable to move &quot;C:\xampp\tmp\phpAB3A.tmp&quot; to &quot;/../Documents/Volunteer/imm1295e.pdf&quot; in C:\xampp\php\Kaluppa\Backend\user controller\submit_applications.php on line 52
[08-Dec-2024 14:56:00 Europe/Berlin] Failed to upload file: 
[08-Dec-2024 14:56:35 Europe/Berlin] PHP Warning:  move_uploaded_file(/../Documents/Volunteer/imm1295e.pdf): Failed to open stream: No such file or directory in C:\xampp\php\Kaluppa\Backend\user controller\submit_applications.php on line 52
[08-Dec-2024 14:56:35 Europe/Berlin] PHP Warning:  move_uploaded_file(): Unable to move &quot;C:\xampp\tmp\php3412.tmp&quot; to &quot;/../Documents/Volunteer/imm1295e.pdf&quot; in C:\xampp\php\Kaluppa\Backend\user controller\submit_applications.php on line 52
[08-Dec-2024 14:56:35 Europe/Berlin] Failed to upload file: 
[08-Dec-2024 14:57:00 Europe/Berlin] PHP Warning:  move_uploaded_file(/../Documents/Volunteer/imm1295e.pdf): Failed to open stream: No such file or directory in C:\xampp\php\Kaluppa\Backend\user controller\submit_applications.php on line 52
[08-Dec-2024 14:57:00 Europe/Berlin] PHP Warning:  move_uploaded_file(): Unable to move &quot;C:\xampp\tmp\php9483.tmp&quot; to &quot;/../Documents/Volunteer/imm1295e.pdf&quot; in C:\xampp\php\Kaluppa\Backend\user controller\submit_applications.php on line 52
[08-Dec-2024 14:57:00 Europe/Berlin] Failed to upload file: 
[08-Dec-2024 19:56:50 Europe/Berlin] Executing query: INSERT INTO applications (user_id, course_id, full_name, email, dob, address, document) VALUES (?, ?, ?, ?, ?, ?, ?) with values: 34, 36, WILLIAM DUNCAN  GONZALES, botchok.gonzales@gmail.com, 2024-12-18, 350 - A Chico St Cembo, /Backend/Documents/Scholarship/1733684210_1733665399_imm1295PRINCE.pdf
[13-Jan-2025 12:52:38 Europe/Berlin] PHP Notice:  session_start(): Ignoring session_start() because a session is already active in C:\xampp\php\Kaluppa\Frontend\user dashboard\sidebar.php on line 3
[13-Jan-2025 12:52:41 Europe/Berlin] PHP Notice:  session_start(): Ignoring session_start() because a session is already active in C:\xampp\php\Kaluppa\Frontend\user dashboard\sidebar.php on line 3
[13-Jan-2025 12:52:49 Europe/Berlin] PHP Notice:  session_start(): Ignoring session_start() because a session is already active in C:\xampp\php\Kaluppa\Frontend\user dashboard\sidebar.php on line 3
[13-Jan-2025 12:53:09 Europe/Berlin] PHP Notice:  session_start(): Ignoring session_start() because a session is already active in C:\xampp\php\Kaluppa\Frontend\user dashboard\sidebar.php on line 3
[13-Jan-2025 12:53:11 Europe/Berlin] PHP Notice:  session_start(): Ignoring session_start() because a session is already active in C:\xampp\php\Kaluppa\Frontend\user dashboard\sidebar.php on line 3
[13-Jan-2025 12:54:02 Europe/Berlin] PHP Notice:  session_start(): Ignoring session_start() because a session is already active in C:\xampp\php\Kaluppa\Frontend\user dashboard\sidebar.php on line 3
[13-Jan-2025 12:54:03 Europe/Berlin] PHP Notice:  session_start(): Ignoring session_start() because a session is already active in C:\xampp\php\Kaluppa\Frontend\user dashboard\sidebar.php on line 3
[13-Jan-2025 12:54:12 Europe/Berlin] PHP Notice:  session_start(): Ignoring session_start() because a session is already active in C:\xampp\php\Kaluppa\Frontend\user dashboard\sidebar.php on line 3
[13-Jan-2025 12:55:24 Europe/Berlin] PHP Warning:  Undefined variable $full_name in C:\xampp\php\Kaluppa\Frontend\user dashboard\user_work.php on line 113
[13-Jan-2025 12:55:24 Europe/Berlin] PHP Deprecated:  htmlspecialchars(): Passing null to parameter #1 ($string) of type string is deprecated in C:\xampp\php\Kaluppa\Frontend\user dashboard\user_work.php on line 113
[13-Jan-2025 12:55:24 Europe/Berlin] PHP Warning:  Undefined variable $full_name in C:\xampp\php\Kaluppa\Frontend\user dashboard\user_work.php on line 113
[13-Jan-2025 12:55:24 Europe/Berlin] PHP Deprecated:  htmlspecialchars(): Passing null to parameter #1 ($string) of type string is deprecated in C:\xampp\php\Kaluppa\Frontend\user dashboard\user_work.php on line 113
[13-Jan-2025 12:55:26 Europe/Berlin] PHP Warning:  Undefined variable $full_name in C:\xampp\php\Kaluppa\Frontend\user dashboard\user_work.php on line 113
[13-Jan-2025 12:55:26 Europe/Berlin] PHP Deprecated:  htmlspecialchars(): Passing null to parameter #1 ($string) of type string is deprecated in C:\xampp\php\Kaluppa\Frontend\user dashboard\user_work.php on line 113
[13-Jan-2025 12:55:26 Europe/Berlin] PHP Warning:  Undefined variable $full_name in C:\xampp\php\Kaluppa\Frontend\user dashboard\user_work.php on line 113
[13-Jan-2025 12:55:26 Europe/Berlin] PHP Deprecated:  htmlspecialchars(): Passing null to parameter #1 ($string) of type string is deprecated in C:\xampp\php\Kaluppa\Frontend\user dashboard\user_work.php on line 113
[13-Jan-2025 12:55:33 Europe/Berlin] PHP Warning:  Undefined variable $full_name in C:\xampp\php\Kaluppa\Frontend\user dashboard\user_work.php on line 113
[13-Jan-2025 12:55:33 Europe/Berlin] PHP Deprecated:  htmlspecialchars(): Passing null to parameter #1 ($string) of type string is deprecated in C:\xampp\php\Kaluppa\Frontend\user dashboard\user_work.php on line 113
[13-Jan-2025 12:55:33 Europe/Berlin] PHP Warning:  Undefined variable $full_name in C:\xampp\php\Kaluppa\Frontend\user dashboard\user_work.php on line 113
[13-Jan-2025 12:55:33 Europe/Berlin] PHP Deprecated:  htmlspecialchars(): Passing null to parameter #1 ($string) of type string is deprecated in C:\xampp\php\Kaluppa\Frontend\user dashboard\user_work.php on line 113
[13-Jan-2025 12:57:04 Europe/Berlin] PHP Warning:  Undefined variable $full_name in C:\xampp\php\Kaluppa\Frontend\user dashboard\user_work.php on line 111
[13-Jan-2025 12:57:04 Europe/Berlin] PHP Deprecated:  htmlspecialchars(): Passing null to parameter #1 ($string) of type string is deprecated in C:\xampp\php\Kaluppa\Frontend\user dashboard\user_work.php on line 111
[13-Jan-2025 12:57:04 Europe/Berlin] PHP Warning:  Undefined variable $full_name in C:\xampp\php\Kaluppa\Frontend\user dashboard\user_work.php on line 111
[13-Jan-2025 12:57:04 Europe/Berlin] PHP Deprecated:  htmlspecialchars(): Passing null to parameter #1 ($string) of type string is deprecated in C:\xampp\php\Kaluppa\Frontend\user dashboard\user_work.php on line 111
[13-Jan-2025 12:57:20 Europe/Berlin] PHP Warning:  Undefined variable $fullname in C:\xampp\php\Kaluppa\Frontend\user dashboard\user_work.php on line 111
[13-Jan-2025 12:57:20 Europe/Berlin] PHP Deprecated:  htmlspecialchars(): Passing null to parameter #1 ($string) of type string is deprecated in C:\xampp\php\Kaluppa\Frontend\user dashboard\user_work.php on line 111
[13-Jan-2025 12:57:20 Europe/Berlin] PHP Warning:  Undefined variable $fullname in C:\xampp\php\Kaluppa\Frontend\user dashboard\user_work.php on line 111
[13-Jan-2025 12:57:20 Europe/Berlin] PHP Deprecated:  htmlspecialchars(): Passing null to parameter #1 ($string) of type string is deprecated in C:\xampp\php\Kaluppa\Frontend\user dashboard\user_work.php on line 111
[13-Jan-2025 12:57:25 Europe/Berlin] PHP Warning:  Undefined variable $fullname in C:\xampp\php\Kaluppa\Frontend\user dashboard\user_work.php on line 111
[13-Jan-2025 12:57:25 Europe/Berlin] PHP Deprecated:  htmlspecialchars(): Passing null to parameter #1 ($string) of type string is deprecated in C:\xampp\php\Kaluppa\Frontend\user dashboard\user_work.php on line 111
[13-Jan-2025 12:57:25 Europe/Berlin] PHP Warning:  Undefined variable $fullname in C:\xampp\php\Kaluppa\Frontend\user dashboard\user_work.php on line 111
[13-Jan-2025 12:57:25 Europe/Berlin] PHP Deprecated:  htmlspecialchars(): Passing null to parameter #1 ($string) of type string is deprecated in C:\xampp\php\Kaluppa\Frontend\user dashboard\user_work.php on line 111
[13-Jan-2025 12:57:26 Europe/Berlin] PHP Warning:  Undefined variable $fullname in C:\xampp\php\Kaluppa\Frontend\user dashboard\user_work.php on line 111
[13-Jan-2025 12:57:26 Europe/Berlin] PHP Deprecated:  htmlspecialchars(): Passing null to parameter #1 ($string) of type string is deprecated in C:\xampp\php\Kaluppa\Frontend\user dashboard\user_work.php on line 111
[13-Jan-2025 12:57:26 Europe/Berlin] PHP Warning:  Undefined variable $fullname in C:\xampp\php\Kaluppa\Frontend\user dashboard\user_work.php on line 111
[13-Jan-2025 12:57:26 Europe/Berlin] PHP Deprecated:  htmlspecialchars(): Passing null to parameter #1 ($string) of type string is deprecated in C:\xampp\php\Kaluppa\Frontend\user dashboard\user_work.php on line 111
[13-Jan-2025 12:58:30 Europe/Berlin] PHP Warning:  Undefined variable $fullname in C:\xampp\php\Kaluppa\Frontend\user dashboard\user_work.php on line 111
[13-Jan-2025 12:58:30 Europe/Berlin] PHP Deprecated:  htmlspecialchars(): Passing null to parameter #1 ($string) of type string is deprecated in C:\xampp\php\Kaluppa\Frontend\user dashboard\user_work.php on line 111
[13-Jan-2025 12:58:30 Europe/Berlin] PHP Warning:  Undefined variable $fullname in C:\xampp\php\Kaluppa\Frontend\user dashboard\user_work.php on line 111
[13-Jan-2025 12:58:30 Europe/Berlin] PHP Deprecated:  htmlspecialchars(): Passing null to parameter #1 ($string) of type string is deprecated in C:\xampp\php\Kaluppa\Frontend\user dashboard\user_work.php on line 111
[18-Jan-2025 16:44:53 Europe/Berlin] Executing query: INSERT INTO applications (user_id, course_id, full_name, email, dob, address, document) VALUES (?, ?, ?, ?, ?, ?, ?) with values: 34, 36, WILLIAM DUNCAN  GONZALES, botchok.gonzales@gmail.com, 2003-04-10, 350 - A Chico St Cembo, /Backend/Documents/Scholarship/1737215093_Gonzales__William_Duncan__Resume.pdf
[18-Jan-2025 16:46:41 Europe/Berlin] Executing query: INSERT INTO applications (user_id, course_id, full_name, email, dob, address, document) VALUES (?, ?, ?, ?, ?, ?, ?) with values: 34, 36, WILLIAM DUNCAN  GONZALES, botchok.gonzales@gmail.com, 2025-01-16, 350 - A Chico St Cembo, /Backend/Documents/Scholarship/1737215201_Gonzales__William_Duncan__Resume.pdf
[18-Jan-2025 16:48:18 Europe/Berlin] Executing query: INSERT INTO applications (user_id, course_id, full_name, email, dob, address, document) VALUES (?, ?, ?, ?, ?, ?, ?) with values: 34, 36, WILLIAM DUNCAN  GONZALES, botchok.gonzales@gmail.com, 2025-01-17, 350 - A Chico St Cembo, /Backend/Documents/Scholarship/1737215298_Gonzales__William_Duncan__Resume.pdf
[18-Jan-2025 16:48:42 Europe/Berlin] Executing query: INSERT INTO applications (user_id, course_id, full_name, email, dob, address, document) VALUES (?, ?, ?, ?, ?, ?, ?) with values: 34, 36, WILLIAM DUNCAN  GONZALES, botchok.gonzales@gmail.com, 2025-01-10, 350 - A Chico St Cembo, /Backend/Documents/Scholarship/1737215322_Gonzales__William_Duncan__Resume.pdf
[18-Jan-2025 16:48:58 Europe/Berlin] Executing query: INSERT INTO applications (user_id, course_id, full_name, email, dob, address, document) VALUES (?, ?, ?, ?, ?, ?, ?) with values: 34, 36, WILLIAM DUNCAN  GONZALES, botchok.gonzales@gmail.com, 2025-01-10, 350 - A Chico St Cembo, /Backend/Documents/Scholarship/1737215338_Gonzales__William_Duncan__Resume.pdf
[18-Jan-2025 16:49:13 Europe/Berlin] Executing query: INSERT INTO applications (user_id, course_id, full_name, email, dob, address, document) VALUES (?, ?, ?, ?, ?, ?, ?) with values: 34, 36, WILLIAM DUNCAN  GONZALES, botchok.gonzales@gmail.com, 2025-01-02, 350 - A Chico St Cembo, /Backend/Documents/Scholarship/1737215353_Gonzales__William_Duncan__Resume.pdf
[18-Jan-2025 16:52:51 Europe/Berlin] Executing query: INSERT INTO applications (user_id, course_id, full_name, email, dob, address, document) VALUES (?, ?, ?, ?, ?, ?, ?) with values: 34, 36, WILLIAM DUNCAN  GONZALES, botchok.gonzales@gmail.com, 2025-01-09, 350 - A Chico St Cembo, /Backend/Documents/Scholarship/1737215571_Gonzales__William_Duncan__Resume.pdf
[18-Jan-2025 16:56:20 Europe/Berlin] Executing query: INSERT INTO applications (user_id, course_id, full_name, email, dob, address, document) VALUES (?, ?, ?, ?, ?, ?, ?) with values: 34, 36, WILLIAM DUNCAN  GONZALES, botchok.gonzales@gmail.com, 2025-01-21, 350 - A Chico St Cembo, /Backend/Documents/Scholarship/1737215780_Gonzales__William_Duncan__Resume.pdf
[18-Jan-2025 16:59:18 Europe/Berlin] Executing query: INSERT INTO applications (user_id, course_id, full_name, email, dob, address, document) VALUES (?, ?, ?, ?, ?, ?, ?) with values: 34, 36, WILLIAM DUNCAN  GONZALES, botchok.gonzales@gmail.com, 2024-12-31, 350 - A Chico St Cembo, /Backend/Documents/Scholarship/1737215958_Gonzales__William_Duncan__Resume.pdf
[18-Jan-2025 17:52:31 Europe/Berlin] Executing query: INSERT INTO applications (user_id, course_id, full_name, email, dob, address, document) VALUES (?, ?, ?, ?, ?, ?, ?) with values: 34, 36, WILLIAM DUNCAN  GONZALES, botchok.gonzales@gmail.com, 2025-01-11, 350 - A Chico St Cembo, /Backend/Documents/Scholarship/1737219151_Gonzales__William_Duncan__Resume.pdf
[18-Jan-2025 18:26:03 Europe/Berlin] Executing query: INSERT INTO applications (user_id, course_id, full_name, email, dob, address, document) VALUES (?, ?, ?, ?, ?, ?, ?) with values: 34, 36, WILLIAM DUNCAN  GONZALES, botchok.gonzales@gmail.com, 2025-01-01, 350 - A Chico St Cembo, /Backend/Documents/Scholarship/1737221163_Gonzales__William_Duncan__Resume.pdf
[30-Jan-2025 07:21:31 Europe/Berlin] Executing query: INSERT INTO applications (user_id, course_id, full_name, email, dob, address, document) VALUES (?, ?, ?, ?, ?, ?, ?) with values: 36, 36,  botchok  gonzales, velcro.mir4@gmail.com, 2025-01-14, 350 - A Chico St Cembo, /Backend/Documents/Scholarship/1738218091_Gonzales_WilliamDuncan_Resume.pdf
[31-Jan-2025 01:12:03 Europe/Berlin] Executing query: INSERT INTO applications (user_id, course_id, full_name, email, dob, address, document) VALUES (?, ?, ?, ?, ?, ?, ?) with values: 34, 37, WILLIAM DUNCAN  GONZALES, botchok.gonzales@gmail.com, 2025-01-16, 350 - A Chico St Cembo, /Backend/Documents/Scholarship/1738282323_Gonzales_WilliamDuncan_Resume.pdf
[10-Feb-2025 17:23:50 Europe/Berlin] PHP Notice:  session_start(): Ignoring session_start() because a session is already active in C:\xampp\php\Kaluppa\Frontend\user dashboard\sidebar.php on line 3
[10-Feb-2025 17:23:53 Europe/Berlin] PHP Notice:  session_start(): Ignoring session_start() because a session is already active in C:\xampp\php\Kaluppa\Frontend\user dashboard\sidebar.php on line 3
[10-Feb-2025 17:24:24 Europe/Berlin] PHP Notice:  session_start(): Ignoring session_start() because a session is already active in C:\xampp\php\Kaluppa\Frontend\user dashboard\sidebar.php on line 3
[10-Feb-2025 17:24:37 Europe/Berlin] PHP Notice:  session_start(): Ignoring session_start() because a session is already active in C:\xampp\php\Kaluppa\Frontend\user dashboard\sidebar.php on line 3
[10-Feb-2025 17:25:34 Europe/Berlin] PHP Notice:  session_start(): Ignoring session_start() because a session is already active in C:\xampp\php\Kaluppa\Frontend\user dashboard\sidebar.php on line 3
[10-Feb-2025 17:25:36 Europe/Berlin] PHP Notice:  session_start(): Ignoring session_start() because a session is already active in C:\xampp\php\Kaluppa\Frontend\user dashboard\sidebar.php on line 3
[10-Feb-2025 17:25:37 Europe/Berlin] PHP Notice:  session_start(): Ignoring session_start() because a session is already active in C:\xampp\php\Kaluppa\Frontend\user dashboard\sidebar.php on line 3
[10-Feb-2025 17:26:07 Europe/Berlin] PHP Notice:  session_start(): Ignoring session_start() because a session is already active in C:\xampp\php\Kaluppa\Frontend\user dashboard\sidebar.php on line 3
[10-Feb-2025 17:26:08 Europe/Berlin] PHP Notice:  session_start(): Ignoring session_start() because a session is already active in C:\xampp\php\Kaluppa\Frontend\user dashboard\sidebar.php on line 3
[17-Feb-2025 16:01:23 Europe/Berlin] PHP Notice:  session_start(): Ignoring session_start() because a session is already active in C:\xampp\php\Kaluppa\Frontend\user dashboard\sidebar.php on line 3
[17-Feb-2025 16:26:30 Europe/Berlin] PHP Notice:  session_start(): Ignoring session_start() because a session is already active in C:\xampp\php\Kaluppa\Frontend\user dashboard\sidebar.php on line 3
[17-Feb-2025 16:26:43 Europe/Berlin] PHP Notice:  session_start(): Ignoring session_start() because a session is already active in C:\xampp\php\Kaluppa\Frontend\user dashboard\sidebar.php on line 3
[17-Feb-2025 16:26:54 Europe/Berlin] PHP Notice:  session_start(): Ignoring session_start() because a session is already active in C:\xampp\php\Kaluppa\Frontend\user dashboard\sidebar.php on line 3
[17-Feb-2025 16:27:59 Europe/Berlin] PHP Notice:  session_start(): Ignoring session_start() because a session is already active in C:\xampp\php\Kaluppa\Frontend\user dashboard\sidebar.php on line 3
[17-Feb-2025 16:28:11 Europe/Berlin] PHP Notice:  session_start(): Ignoring session_start() because a session is already active in C:\xampp\php\Kaluppa\Frontend\user dashboard\sidebar.php on line 3
[17-Feb-2025 16:28:30 Europe/Berlin] PHP Notice:  session_start(): Ignoring session_start() because a session is already active in C:\xampp\php\Kaluppa\Frontend\user dashboard\sidebar.php on line 3
[17-Feb-2025 16:32:00 Europe/Berlin] PHP Notice:  session_start(): Ignoring session_start() because a session is already active in C:\xampp\php\Kaluppa\Frontend\user dashboard\sidebar.php on line 3
[17-Feb-2025 16:32:12 Europe/Berlin] PHP Notice:  session_start(): Ignoring session_start() because a session is already active in C:\xampp\php\Kaluppa\Frontend\user dashboard\sidebar.php on line 3
[17-Feb-2025 16:32:24 Europe/Berlin] PHP Notice:  session_start(): Ignoring session_start() because a session is already active in C:\xampp\php\Kaluppa\Frontend\user dashboard\sidebar.php on line 3
[17-Feb-2025 16:32:29 Europe/Berlin] PHP Notice:  session_start(): Ignoring session_start() because a session is already active in C:\xampp\php\Kaluppa\Frontend\user dashboard\sidebar.php on line 3
[17-Feb-2025 16:32:34 Europe/Berlin] PHP Notice:  session_start(): Ignoring session_start() because a session is already active in C:\xampp\php\Kaluppa\Frontend\user dashboard\sidebar.php on line 3
[17-Feb-2025 16:32:36 Europe/Berlin] PHP Notice:  session_start(): Ignoring session_start() because a session is already active in C:\xampp\php\Kaluppa\Frontend\user dashboard\sidebar.php on line 3
[17-Feb-2025 16:32:53 Europe/Berlin] PHP Notice:  session_start(): Ignoring session_start() because a session is already active in C:\xampp\php\Kaluppa\Frontend\user dashboard\sidebar.php on line 3
[17-Feb-2025 16:33:00 Europe/Berlin] PHP Notice:  session_start(): Ignoring session_start() because a session is already active in C:\xampp\php\Kaluppa\Frontend\user dashboard\sidebar.php on line 3
[17-Feb-2025 16:33:03 Europe/Berlin] PHP Notice:  session_start(): Ignoring session_start() because a session is already active in C:\xampp\php\Kaluppa\Frontend\user dashboard\sidebar.php on line 3
[17-Feb-2025 16:33:10 Europe/Berlin] PHP Notice:  session_start(): Ignoring session_start() because a session is already active in C:\xampp\php\Kaluppa\Frontend\user dashboard\sidebar.php on line 3
[17-Feb-2025 16:33:12 Europe/Berlin] PHP Notice:  session_start(): Ignoring session_start() because a session is already active in C:\xampp\php\Kaluppa\Frontend\user dashboard\sidebar.php on line 3
[17-Feb-2025 16:33:20 Europe/Berlin] PHP Notice:  session_start(): Ignoring session_start() because a session is already active in C:\xampp\php\Kaluppa\Frontend\user dashboard\sidebar.php on line 3
[17-Feb-2025 16:33:25 Europe/Berlin] PHP Notice:  session_start(): Ignoring session_start() because a session is already active in C:\xampp\php\Kaluppa\Frontend\user dashboard\sidebar.php on line 3
[17-Feb-2025 16:33:32 Europe/Berlin] PHP Notice:  session_start(): Ignoring session_start() because a session is already active in C:\xampp\php\Kaluppa\Frontend\user dashboard\sidebar.php on line 3
[17-Feb-2025 16:33:48 Europe/Berlin] PHP Notice:  session_start(): Ignoring session_start() because a session is already active in C:\xampp\php\Kaluppa\Frontend\user dashboard\sidebar.php on line 3
[17-Feb-2025 16:35:23 Europe/Berlin] PHP Notice:  session_start(): Ignoring session_start() because a session is already active in C:\xampp\php\Kaluppa\Frontend\user dashboard\sidebar.php on line 3
[17-Feb-2025 16:38:34 Europe/Berlin] PHP Notice:  session_start(): Ignoring session_start() because a session is already active in C:\xampp\php\Kaluppa\Frontend\user dashboard\sidebar.php on line 3
[17-Feb-2025 16:38:40 Europe/Berlin] PHP Notice:  session_start(): Ignoring session_start() because a session is already active in C:\xampp\php\Kaluppa\Frontend\user dashboard\sidebar.php on line 3
[17-Feb-2025 16:42:19 Europe/Berlin] PHP Notice:  session_start(): Ignoring session_start() because a session is already active in C:\xampp\php\Kaluppa\Frontend\user dashboard\sidebar.php on line 3
[17-Feb-2025 16:42:39 Europe/Berlin] PHP Notice:  session_start(): Ignoring session_start() because a session is already active in C:\xampp\php\Kaluppa\Frontend\user dashboard\sidebar.php on line 3
[17-Feb-2025 16:42:47 Europe/Berlin] PHP Notice:  session_start(): Ignoring session_start() because a session is already active in C:\xampp\php\Kaluppa\Frontend\user dashboard\sidebar.php on line 3
[17-Feb-2025 16:42:48 Europe/Berlin] PHP Notice:  session_start(): Ignoring session_start() because a session is already active in C:\xampp\php\Kaluppa\Frontend\user dashboard\sidebar.php on line 3
[17-Feb-2025 16:42:50 Europe/Berlin] PHP Notice:  session_start(): Ignoring session_start() because a session is already active in C:\xampp\php\Kaluppa\Frontend\user dashboard\sidebar.php on line 3
[17-Feb-2025 16:43:20 Europe/Berlin] PHP Notice:  session_start(): Ignoring session_start() because a session is already active in C:\xampp\php\Kaluppa\Frontend\user dashboard\sidebar.php on line 3
[17-Feb-2025 16:45:06 Europe/Berlin] PHP Notice:  session_start(): Ignoring session_start() because a session is already active in C:\xampp\php\Kaluppa\Frontend\user dashboard\sidebar.php on line 3
[17-Feb-2025 16:45:09 Europe/Berlin] PHP Notice:  session_start(): Ignoring session_start() because a session is already active in C:\xampp\php\Kaluppa\Frontend\user dashboard\sidebar.php on line 3
[17-Feb-2025 16:45:47 Europe/Berlin] PHP Notice:  session_start(): Ignoring session_start() because a session is already active in C:\xampp\php\Kaluppa\Frontend\user dashboard\sidebar.php on line 3
[17-Feb-2025 16:46:08 Europe/Berlin] PHP Notice:  session_start(): Ignoring session_start() because a session is already active in C:\xampp\php\Kaluppa\Frontend\user dashboard\sidebar.php on line 3
[17-Feb-2025 16:46:17 Europe/Berlin] PHP Notice:  session_start(): Ignoring session_start() because a session is already active in C:\xampp\php\Kaluppa\Frontend\user dashboard\sidebar.php on line 3
[17-Feb-2025 16:46:21 Europe/Berlin] PHP Notice:  session_start(): Ignoring session_start() because a session is already active in C:\xampp\php\Kaluppa\Frontend\user dashboard\sidebar.php on line 3
[17-Feb-2025 16:46:22 Europe/Berlin] PHP Notice:  session_start(): Ignoring session_start() because a session is already active in C:\xampp\php\Kaluppa\Frontend\user dashboard\sidebar.php on line 3
[17-Feb-2025 16:46:38 Europe/Berlin] PHP Notice:  session_start(): Ignoring session_start() because a session is already active in C:\xampp\php\Kaluppa\Frontend\user dashboard\sidebar.php on line 3
[18-Feb-2025 07:11:35 Europe/Berlin] PHP Notice:  session_start(): Ignoring session_start() because a session is already active in C:\xampp\php\Kaluppa\Frontend\user dashboard\sidebar.php on line 3
[18-Feb-2025 08:32:49 Europe/Berlin] Executing query: INSERT INTO applications (user_id, course_id, full_name, email, dob, address, document) VALUES (?, ?, ?, ?, ?, ?, ?) with values: 34, 37, WILLIAM DUNCAN OLLERO GONZALES, botchok.gonzales@gmail.com, 2025-02-20, 350 - A Chico St Cembo, /Backend/Documents/Scholarship/1739863969_Gonzales__William_Duncan_Resume.pdf
[18-Feb-2025 08:36:00 Europe/Berlin] PHP Notice:  session_start(): Ignoring session_start() because a session is already active in C:\xampp\php\Kaluppa\Frontend\user dashboard\sidebar.php on line 3
[18-Feb-2025 08:36:14 Europe/Berlin] PHP Notice:  session_start(): Ignoring session_start() because a session is already active in C:\xampp\php\Kaluppa\Frontend\user dashboard\sidebar.php on line 3
[18-Feb-2025 08:51:53 Europe/Berlin] PHP Notice:  session_start(): Ignoring session_start() because a session is already active in C:\xampp\php\Kaluppa\Frontend\user dashboard\sidebar.php on line 3
[18-Feb-2025 08:51:55 Europe/Berlin] PHP Notice:  session_start(): Ignoring session_start() because a session is already active in C:\xampp\php\Kaluppa\Frontend\user dashboard\sidebar.php on line 3
[18-Feb-2025 09:02:59 Europe/Berlin] PHP Notice:  session_start(): Ignoring session_start() because a session is already active in C:\xampp\php\Kaluppa\Frontend\user dashboard\sidebar.php on line 3
[18-Feb-2025 09:17:40 Europe/Berlin] PHP Notice:  session_start(): Ignoring session_start() because a session is already active in C:\xampp\php\Kaluppa\Frontend\user dashboard\sidebar.php on line 3
[18-Feb-2025 09:17:42 Europe/Berlin] PHP Notice:  session_start(): Ignoring session_start() because a session is already active in C:\xampp\php\Kaluppa\Frontend\user dashboard\sidebar.php on line 3
[18-Feb-2025 09:18:31 Europe/Berlin] PHP Notice:  session_start(): Ignoring session_start() because a session is already active in C:\xampp\php\Kaluppa\Frontend\user dashboard\sidebar.php on line 3
[18-Feb-2025 09:19:48 Europe/Berlin] PHP Notice:  session_start(): Ignoring session_start() because a session is already active in C:\xampp\php\Kaluppa\Frontend\user dashboard\sidebar.php on line 3
[18-Feb-2025 09:20:26 Europe/Berlin] PHP Notice:  session_start(): Ignoring session_start() because a session is already active in C:\xampp\php\Kaluppa\Frontend\user dashboard\sidebar.php on line 3
[18-Feb-2025 09:21:13 Europe/Berlin] PHP Notice:  session_start(): Ignoring session_start() because a session is already active in C:\xampp\php\Kaluppa\Frontend\user dashboard\sidebar.php on line 3
[18-Feb-2025 09:21:15 Europe/Berlin] PHP Notice:  session_start(): Ignoring session_start() because a session is already active in C:\xampp\php\Kaluppa\Frontend\user dashboard\sidebar.php on line 3
[18-Feb-2025 09:23:52 Europe/Berlin] PHP Notice:  session_start(): Ignoring session_start() because a session is already active in C:\xampp\php\Kaluppa\Frontend\user dashboard\sidebar.php on line 3
[18-Feb-2025 09:23:57 Europe/Berlin] PHP Notice:  session_start(): Ignoring session_start() because a session is already active in C:\xampp\php\Kaluppa\Frontend\user dashboard\sidebar.php on line 3
[18-Feb-2025 09:25:08 Europe/Berlin] PHP Notice:  session_start(): Ignoring session_start() because a session is already active in C:\xampp\php\Kaluppa\Frontend\user dashboard\sidebar.php on line 3
[18-Feb-2025 09:26:26 Europe/Berlin] PHP Notice:  session_start(): Ignoring session_start() because a session is already active in C:\xampp\php\Kaluppa\Frontend\user dashboard\sidebar.php on line 3
[18-Feb-2025 09:27:43 Europe/Berlin] PHP Notice:  session_start(): Ignoring session_start() because a session is already active in C:\xampp\php\Kaluppa\Frontend\user dashboard\sidebar.php on line 3
[18-Feb-2025 09:28:27 Europe/Berlin] PHP Notice:  session_start(): Ignoring session_start() because a session is already active in C:\xampp\php\Kaluppa\Frontend\user dashboard\sidebar.php on line 3
[18-Feb-2025 09:28:30 Europe/Berlin] PHP Notice:  session_start(): Ignoring session_start() because a session is already active in C:\xampp\php\Kaluppa\Frontend\user dashboard\sidebar.php on line 3
[18-Feb-2025 09:28:31 Europe/Berlin] PHP Notice:  session_start(): Ignoring session_start() because a session is already active in C:\xampp\php\Kaluppa\Frontend\user dashboard\sidebar.php on line 3
[18-Feb-2025 09:28:33 Europe/Berlin] PHP Notice:  session_start(): Ignoring session_start() because a session is already active in C:\xampp\php\Kaluppa\Frontend\user dashboard\sidebar.php on line 3
[18-Feb-2025 09:32:05 Europe/Berlin] PHP Notice:  session_start(): Ignoring session_start() because a session is already active in C:\xampp\php\Kaluppa\Frontend\user dashboard\sidebar.php on line 3
[18-Feb-2025 09:44:52 Europe/Berlin] PHP Notice:  session_start(): Ignoring session_start() because a session is already active in C:\xampp\php\Kaluppa\Frontend\user dashboard\sidebar.php on line 3
[18-Feb-2025 09:45:20 Europe/Berlin] PHP Notice:  session_start(): Ignoring session_start() because a session is already active in C:\xampp\php\Kaluppa\Frontend\user dashboard\sidebar.php on line 3
[18-Feb-2025 09:45:38 Europe/Berlin] PHP Notice:  session_start(): Ignoring session_start() because a session is already active in C:\xampp\php\Kaluppa\Frontend\user dashboard\sidebar.php on line 3
[18-Feb-2025 09:45:54 Europe/Berlin] PHP Notice:  session_start(): Ignoring session_start() because a session is already active in C:\xampp\php\Kaluppa\Frontend\user dashboard\sidebar.php on line 3
[18-Feb-2025 09:45:58 Europe/Berlin] PHP Notice:  session_start(): Ignoring session_start() because a session is already active in C:\xampp\php\Kaluppa\Frontend\user dashboard\sidebar.php on line 3
[18-Feb-2025 09:46:53 Europe/Berlin] PHP Notice:  session_start(): Ignoring session_start() because a session is already active in C:\xampp\php\Kaluppa\Frontend\user dashboard\sidebar.php on line 3
[18-Feb-2025 09:46:54 Europe/Berlin] PHP Notice:  session_start(): Ignoring session_start() because a session is already active in C:\xampp\php\Kaluppa\Frontend\user dashboard\sidebar.php on line 3
[18-Feb-2025 09:48:15 Europe/Berlin] PHP Notice:  session_start(): Ignoring session_start() because a session is already active in C:\xampp\php\Kaluppa\Frontend\user dashboard\sidebar.php on line 3
[18-Feb-2025 09:48:16 Europe/Berlin] PHP Notice:  session_start(): Ignoring session_start() because a session is already active in C:\xampp\php\Kaluppa\Frontend\user dashboard\sidebar.php on line 3
[18-Feb-2025 09:49:42 Europe/Berlin] PHP Notice:  session_start(): Ignoring session_start() because a session is already active in C:\xampp\php\Kaluppa\Frontend\user dashboard\sidebar.php on line 3
[18-Feb-2025 09:50:08 Europe/Berlin] PHP Notice:  session_start(): Ignoring session_start() because a session is already active in C:\xampp\php\Kaluppa\Frontend\user dashboard\sidebar.php on line 3
[18-Feb-2025 09:50:30 Europe/Berlin] PHP Notice:  session_start(): Ignoring session_start() because a session is already active in C:\xampp\php\Kaluppa\Frontend\user dashboard\sidebar.php on line 3
[18-Feb-2025 09:50:38 Europe/Berlin] PHP Notice:  session_start(): Ignoring session_start() because a session is already active in C:\xampp\php\Kaluppa\Frontend\user dashboard\sidebar.php on line 3
[18-Feb-2025 09:50:45 Europe/Berlin] PHP Notice:  session_start(): Ignoring session_start() because a session is already active in C:\xampp\php\Kaluppa\Frontend\user dashboard\sidebar.php on line 3
[18-Feb-2025 09:50:49 Europe/Berlin] PHP Notice:  session_start(): Ignoring session_start() because a session is already active in C:\xampp\php\Kaluppa\Frontend\user dashboard\sidebar.php on line 3
[18-Feb-2025 09:51:14 Europe/Berlin] PHP Notice:  session_start(): Ignoring session_start() because a session is already active in C:\xampp\php\Kaluppa\Frontend\user dashboard\sidebar.php on line 3
[18-Feb-2025 09:51:47 Europe/Berlin] PHP Notice:  session_start(): Ignoring session_start() because a session is already active in C:\xampp\php\Kaluppa\Frontend\user dashboard\sidebar.php on line 3
[18-Feb-2025 09:52:29 Europe/Berlin] PHP Notice:  session_start(): Ignoring session_start() because a session is already active in C:\xampp\php\Kaluppa\Frontend\user dashboard\sidebar.php on line 3
[18-Feb-2025 09:53:33 Europe/Berlin] PHP Notice:  session_start(): Ignoring session_start() because a session is already active in C:\xampp\php\Kaluppa\Frontend\user dashboard\sidebar.php on line 3
[18-Feb-2025 09:57:54 Europe/Berlin] PHP Notice:  session_start(): Ignoring session_start() because a session is already active in C:\xampp\php\Kaluppa\Frontend\user dashboard\sidebar.php on line 3
[18-Feb-2025 10:10:55 Europe/Berlin] PHP Notice:  session_start(): Ignoring session_start() because a session is already active in C:\xampp\php\Kaluppa\Frontend\user dashboard\sidebar.php on line 3
[18-Feb-2025 10:14:08 Europe/Berlin] PHP Notice:  session_start(): Ignoring session_start() because a session is already active in C:\xampp\php\Kaluppa\Frontend\user dashboard\sidebar.php on line 3
[18-Feb-2025 10:17:46 Europe/Berlin] PHP Notice:  session_start(): Ignoring session_start() because a session is already active in C:\xampp\php\Kaluppa\Frontend\user dashboard\sidebar.php on line 3
[19-Feb-2025 14:26:21 Europe/Berlin] PHP Notice:  session_start(): Ignoring session_start() because a session is already active in C:\xampp\php\Kaluppa\Frontend\user dashboard\sidebar.php on line 3
[19-Feb-2025 14:26:23 Europe/Berlin] PHP Notice:  session_start(): Ignoring session_start() because a session is already active in C:\xampp\php\Kaluppa\Frontend\user dashboard\sidebar.php on line 3
[19-Feb-2025 14:26:27 Europe/Berlin] PHP Notice:  session_start(): Ignoring session_start() because a session is already active in C:\xampp\php\Kaluppa\Frontend\user dashboard\sidebar.php on line 3
[20-Feb-2025 17:37:32 Europe/Berlin] Missing required fields in form data.
[20-Feb-2025 17:37:34 Europe/Berlin] Missing required fields in form data.
[20-Feb-2025 17:38:27 Europe/Berlin] Missing required fields in form data.
[20-Feb-2025 17:38:31 Europe/Berlin] Missing required fields in form data.
[20-Feb-2025 17:38:33 Europe/Berlin] Missing required fields in form data.
[20-Feb-2025 17:38:33 Europe/Berlin] Missing required fields in form data.
[20-Feb-2025 17:38:33 Europe/Berlin] Missing required fields in form data.
[20-Feb-2025 17:38:33 Europe/Berlin] Missing required fields in form data.
[20-Feb-2025 17:43:43 Europe/Berlin] Missing required fields in form data.
[20-Feb-2025 17:43:44 Europe/Berlin] Missing required fields in form data.
[20-Feb-2025 17:43:45 Europe/Berlin] Missing required fields in form data.
[20-Feb-2025 17:43:45 Europe/Berlin] Missing required fields in form data.
[20-Feb-2025 17:43:45 Europe/Berlin] Missing required fields in form data.
[20-Feb-2025 17:43:45 Europe/Berlin] Missing required fields in form data.
[20-Feb-2025 17:46:06 Europe/Berlin] Missing required fields in form data.
[20-Feb-2025 17:57:01 Europe/Berlin] Missing required fields in form data.
[20-Feb-2025 17:57:03 Europe/Berlin] Missing required fields in form data.
[20-Feb-2025 18:05:19 Europe/Berlin] PHP Fatal error:  Uncaught mysqli_sql_exception: Unknown column 'first_name' in 'field list' in C:\xampp\php\Kaluppa\Backend\user controller\submit_application.php:133
Stack trace:
#0 C:\xampp\php\Kaluppa\Backend\user controller\submit_application.php(133): mysqli->prepare('INSERT INTO app...')
#1 {main}
  thrown in C:\xampp\php\Kaluppa\Backend\user controller\submit_application.php on line 133
[20-Feb-2025 18:08:04 Europe/Berlin] Executing query: INSERT INTO applications (user_id, course_id, first_name, middle_name, last_name, email, house_number, street, barangay, district, city, region, postal_code, document) VALUES (?, ?, ?, ?, ?, ?, ?, ?, ?, ?, ?, ?, ?, ?) with values: 34, 36, WILLIAM DUNCAN, OLLERO, GONZALES, botchok.gonzales@gmail.com, 350, Chico, Cembo, 2, Makati, NCR, 1214, /Backend/Documents/Scholarship/1740071284_Gonzales_William_Duncan_Resume.pdf
